
Building SVGplot examples.
Performing configuration checks

    - symlinks supported       : yes (cached)
    - hardlinks supported      : yes (cached)
...patience...
...patience...
...found 5546 targets...
...updating 250 targets...
compile-c-c++ ..\..\..\bin.v2\libs\svg_plot\example\1d_full_layout.test\msvc-12.0\debug\1d_full_layout.obj
1d_full_layout.cpp
msvc.link ..\..\..\bin.v2\libs\svg_plot\example\1d_full_layout.test\msvc-12.0\debug\1d_full_layout.exe
msvc.manifest ..\..\..\bin.v2\libs\svg_plot\example\1d_full_layout.test\msvc-12.0\debug\1d_full_layout.exe
testing.capture-output ..\..\..\bin.v2\libs\svg_plot\example\1d_full_layout.test\msvc-12.0\debug\1d_full_layout.run
        1 file(s) copied.
**passed** ..\..\..\bin.v2\libs\svg_plot\example\1d_full_layout.test\msvc-12.0\debug\1d_full_layout.test
compile-c-c++ ..\..\..\bin.v2\libs\svg_plot\example\1d_simple_style.test\msvc-12.0\debug\1d_simple_style.obj
1d_simple_style.cpp
msvc.link ..\..\..\bin.v2\libs\svg_plot\example\1d_simple_style.test\msvc-12.0\debug\1d_simple_style.exe
msvc.manifest ..\..\..\bin.v2\libs\svg_plot\example\1d_simple_style.test\msvc-12.0\debug\1d_simple_style.exe
testing.capture-output ..\..\..\bin.v2\libs\svg_plot\example\1d_simple_style.test\msvc-12.0\debug\1d_simple_style.run
        1 file(s) copied.
**passed** ..\..\..\bin.v2\libs\svg_plot\example\1d_simple_style.test\msvc-12.0\debug\1d_simple_style.test
compile-c-c++ ..\..\..\bin.v2\libs\svg_plot\example\1d_x_external.test\msvc-12.0\debug\1d_x_external.obj
1d_x_external.cpp
msvc.link ..\..\..\bin.v2\libs\svg_plot\example\1d_x_external.test\msvc-12.0\debug\1d_x_external.exe
msvc.manifest ..\..\..\bin.v2\libs\svg_plot\example\1d_x_external.test\msvc-12.0\debug\1d_x_external.exe
testing.capture-output ..\..\..\bin.v2\libs\svg_plot\example\1d_x_external.test\msvc-12.0\debug\1d_x_external.run
        1 file(s) copied.
**passed** ..\..\..\bin.v2\libs\svg_plot\example\1d_x_external.test\msvc-12.0\debug\1d_x_external.test
compile-c-c++ ..\..\..\bin.v2\libs\svg_plot\example\1d_x_grid.test\msvc-12.0\debug\1d_x_grid.obj
1d_x_grid.cpp
msvc.link ..\..\..\bin.v2\libs\svg_plot\example\1d_x_grid.test\msvc-12.0\debug\1d_x_grid.exe
msvc.manifest ..\..\..\bin.v2\libs\svg_plot\example\1d_x_grid.test\msvc-12.0\debug\1d_x_grid.exe
testing.capture-output ..\..\..\bin.v2\libs\svg_plot\example\1d_x_grid.test\msvc-12.0\debug\1d_x_grid.run
        1 file(s) copied.
**passed** ..\..\..\bin.v2\libs\svg_plot\example\1d_x_grid.test\msvc-12.0\debug\1d_x_grid.test
compile-c-c++ ..\..\..\bin.v2\libs\svg_plot\example\2d_area_fill.test\msvc-12.0\debug\2d_area_fill.obj
2d_area_fill.cpp
msvc.link ..\..\..\bin.v2\libs\svg_plot\example\2d_area_fill.test\msvc-12.0\debug\2d_area_fill.exe
msvc.manifest ..\..\..\bin.v2\libs\svg_plot\example\2d_area_fill.test\msvc-12.0\debug\2d_area_fill.exe
testing.capture-output ..\..\..\bin.v2\libs\svg_plot\example\2d_area_fill.test\msvc-12.0\debug\2d_area_fill.run
        1 file(s) copied.
**passed** ..\..\..\bin.v2\libs\svg_plot\example\2d_area_fill.test\msvc-12.0\debug\2d_area_fill.test
compile-c-c++ ..\..\..\bin.v2\libs\svg_plot\example\2d_bezier.test\msvc-12.0\debug\2d_bezier.obj
2d_bezier.cpp
msvc.link ..\..\..\bin.v2\libs\svg_plot\example\2d_bezier.test\msvc-12.0\debug\2d_bezier.exe
msvc.manifest ..\..\..\bin.v2\libs\svg_plot\example\2d_bezier.test\msvc-12.0\debug\2d_bezier.exe
testing.capture-output ..\..\..\bin.v2\libs\svg_plot\example\2d_bezier.test\msvc-12.0\debug\2d_bezier.run
        1 file(s) copied.
**passed** ..\..\..\bin.v2\libs\svg_plot\example\2d_bezier.test\msvc-12.0\debug\2d_bezier.test
compile-c-c++ ..\..\..\bin.v2\libs\svg_plot\example\2d_full.test\msvc-12.0\debug\2d_full.obj
2d_full.cpp
msvc.link ..\..\..\bin.v2\libs\svg_plot\example\2d_full.test\msvc-12.0\debug\2d_full.exe
msvc.manifest ..\..\..\bin.v2\libs\svg_plot\example\2d_full.test\msvc-12.0\debug\2d_full.exe
testing.capture-output ..\..\..\bin.v2\libs\svg_plot\example\2d_full.test\msvc-12.0\debug\2d_full.run
        1 file(s) copied.
**passed** ..\..\..\bin.v2\libs\svg_plot\example\2d_full.test\msvc-12.0\debug\2d_full.test
compile-c-c++ ..\..\..\bin.v2\libs\svg_plot\example\2d_limit.test\msvc-12.0\debug\2d_limit.obj
2d_limit.cpp
msvc.link ..\..\..\bin.v2\libs\svg_plot\example\2d_limit.test\msvc-12.0\debug\2d_limit.exe
msvc.manifest ..\..\..\bin.v2\libs\svg_plot\example\2d_limit.test\msvc-12.0\debug\2d_limit.exe
testing.capture-output ..\..\..\bin.v2\libs\svg_plot\example\2d_limit.test\msvc-12.0\debug\2d_limit.run
        1 file(s) copied.
**passed** ..\..\..\bin.v2\libs\svg_plot\example\2d_limit.test\msvc-12.0\debug\2d_limit.test
compile-c-c++ ..\..\..\bin.v2\libs\svg_plot\example\2d_simple.test\msvc-12.0\debug\2d_simple.obj
2d_simple.cpp
msvc.link ..\..\..\bin.v2\libs\svg_plot\example\2d_simple.test\msvc-12.0\debug\2d_simple.exe
msvc.manifest ..\..\..\bin.v2\libs\svg_plot\example\2d_simple.test\msvc-12.0\debug\2d_simple.exe
testing.capture-output ..\..\..\bin.v2\libs\svg_plot\example\2d_simple.test\msvc-12.0\debug\2d_simple.run
        1 file(s) copied.
**passed** ..\..\..\bin.v2\libs\svg_plot\example\2d_simple.test\msvc-12.0\debug\2d_simple.test
compile-c-c++ ..\..\..\bin.v2\libs\svg_plot\example\2d_y_grid.test\msvc-12.0\debug\2d_y_grid.obj
2d_y_grid.cpp
msvc.link ..\..\..\bin.v2\libs\svg_plot\example\2d_y_grid.test\msvc-12.0\debug\2d_y_grid.exe
msvc.manifest ..\..\..\bin.v2\libs\svg_plot\example\2d_y_grid.test\msvc-12.0\debug\2d_y_grid.exe
testing.capture-output ..\..\..\bin.v2\libs\svg_plot\example\2d_y_grid.test\msvc-12.0\debug\2d_y_grid.run
        1 file(s) copied.
**passed** ..\..\..\bin.v2\libs\svg_plot\example\2d_y_grid.test\msvc-12.0\debug\2d_y_grid.test
compile-c-c++ ..\..\..\bin.v2\libs\svg_plot\example\auto_1d_containers.test\msvc-12.0\debug\auto_1d_containers.obj
auto_1d_containers.cpp
msvc.link ..\..\..\bin.v2\libs\svg_plot\example\auto_1d_containers.test\msvc-12.0\debug\auto_1d_containers.exe
msvc.manifest ..\..\..\bin.v2\libs\svg_plot\example\auto_1d_containers.test\msvc-12.0\debug\auto_1d_containers.exe
testing.capture-output ..\..\..\bin.v2\libs\svg_plot\example\auto_1d_containers.test\msvc-12.0\debug\auto_1d_containers.run
        1 file(s) copied.
**passed** ..\..\..\bin.v2\libs\svg_plot\example\auto_1d_containers.test\msvc-12.0\debug\auto_1d_containers.test
compile-c-c++ ..\..\..\bin.v2\libs\svg_plot\example\auto_1d_plot.test\msvc-12.0\debug\auto_1d_plot.obj
auto_1d_plot.cpp
msvc.link ..\..\..\bin.v2\libs\svg_plot\example\auto_1d_plot.test\msvc-12.0\debug\auto_1d_plot.exe
msvc.manifest ..\..\..\bin.v2\libs\svg_plot\example\auto_1d_plot.test\msvc-12.0\debug\auto_1d_plot.exe
testing.capture-output ..\..\..\bin.v2\libs\svg_plot\example\auto_1d_plot.test\msvc-12.0\debug\auto_1d_plot.run
        1 file(s) copied.
**passed** ..\..\..\bin.v2\libs\svg_plot\example\auto_1d_plot.test\msvc-12.0\debug\auto_1d_plot.test
compile-c-c++ ..\..\..\bin.v2\libs\svg_plot\example\auto_2d_plot.test\msvc-12.0\debug\auto_2d_plot.obj
auto_2d_plot.cpp
msvc.link ..\..\..\bin.v2\libs\svg_plot\example\auto_2d_plot.test\msvc-12.0\debug\auto_2d_plot.exe
msvc.manifest ..\..\..\bin.v2\libs\svg_plot\example\auto_2d_plot.test\msvc-12.0\debug\auto_2d_plot.exe
testing.capture-output ..\..\..\bin.v2\libs\svg_plot\example\auto_2d_plot.test\msvc-12.0\debug\auto_2d_plot.run
        1 file(s) copied.
**passed** ..\..\..\bin.v2\libs\svg_plot\example\auto_2d_plot.test\msvc-12.0\debug\auto_2d_plot.test
compile-c-c++ ..\..\..\bin.v2\libs\svg_plot\example\auto_boxplot.test\msvc-12.0\debug\auto_boxplot.obj
auto_boxplot.cpp
msvc.link ..\..\..\bin.v2\libs\svg_plot\example\auto_boxplot.test\msvc-12.0\debug\auto_boxplot.exe
msvc.manifest ..\..\..\bin.v2\libs\svg_plot\example\auto_boxplot.test\msvc-12.0\debug\auto_boxplot.exe
testing.capture-output ..\..\..\bin.v2\libs\svg_plot\example\auto_boxplot.test\msvc-12.0\debug\auto_boxplot.run
        1 file(s) copied.
**passed** ..\..\..\bin.v2\libs\svg_plot\example\auto_boxplot.test\msvc-12.0\debug\auto_boxplot.test
compile-c-c++ ..\..\..\bin.v2\libs\svg_plot\example\boxplot_full.test\msvc-12.0\debug\boxplot_full.obj
boxplot_full.cpp
msvc.link ..\..\..\bin.v2\libs\svg_plot\example\boxplot_full.test\msvc-12.0\debug\boxplot_full.exe
msvc.manifest ..\..\..\bin.v2\libs\svg_plot\example\boxplot_full.test\msvc-12.0\debug\boxplot_full.exe
testing.capture-output ..\..\..\bin.v2\libs\svg_plot\example\boxplot_full.test\msvc-12.0\debug\boxplot_full.run
        1 file(s) copied.
**passed** ..\..\..\bin.v2\libs\svg_plot\example\boxplot_full.test\msvc-12.0\debug\boxplot_full.test
compile-c-c++ ..\..\..\bin.v2\libs\svg_plot\example\boxplot_simple.test\msvc-12.0\debug\boxplot_simple.obj
boxplot_simple.cpp
msvc.link ..\..\..\bin.v2\libs\svg_plot\example\boxplot_simple.test\msvc-12.0\debug\boxplot_simple.exe
msvc.manifest ..\..\..\bin.v2\libs\svg_plot\example\boxplot_simple.test\msvc-12.0\debug\boxplot_simple.exe
testing.capture-output ..\..\..\bin.v2\libs\svg_plot\example\boxplot_simple.test\msvc-12.0\debug\boxplot_simple.run
        1 file(s) copied.
**passed** ..\..\..\bin.v2\libs\svg_plot\example\boxplot_simple.test\msvc-12.0\debug\boxplot_simple.test
compile-c-c++ ..\..\..\bin.v2\libs\svg_plot\example\container_minmax.test\msvc-12.0\debug\container_minmax.obj
container_minmax.cpp
msvc.link ..\..\..\bin.v2\libs\svg_plot\example\container_minmax.test\msvc-12.0\debug\container_minmax.exe
msvc.manifest ..\..\..\bin.v2\libs\svg_plot\example\container_minmax.test\msvc-12.0\debug\container_minmax.exe
testing.capture-output ..\..\..\bin.v2\libs\svg_plot\example\container_minmax.test\msvc-12.0\debug\container_minmax.run
        1 file(s) copied.
**passed** ..\..\..\bin.v2\libs\svg_plot\example\container_minmax.test\msvc-12.0\debug\container_minmax.test
compile-c-c++ ..\..\..\bin.v2\libs\svg_plot\example\demo_1d_autoscaling.test\msvc-12.0\debug\demo_1d_autoscaling.obj
demo_1d_autoscaling.cpp
msvc.link ..\..\..\bin.v2\libs\svg_plot\example\demo_1d_autoscaling.test\msvc-12.0\debug\demo_1d_autoscaling.exe
msvc.manifest ..\..\..\bin.v2\libs\svg_plot\example\demo_1d_autoscaling.test\msvc-12.0\debug\demo_1d_autoscaling.exe
testing.capture-output ..\..\..\bin.v2\libs\svg_plot\example\demo_1d_autoscaling.test\msvc-12.0\debug\demo_1d_autoscaling.run
        1 file(s) copied.
**passed** ..\..\..\bin.v2\libs\svg_plot\example\demo_1d_autoscaling.test\msvc-12.0\debug\demo_1d_autoscaling.test
compile-c-c++ ..\..\..\bin.v2\libs\svg_plot\example\demo_1d_axis_scaling.test\msvc-12.0\debug\demo_1d_axis_scaling.obj
demo_1d_axis_scaling.cpp
msvc.link ..\..\..\bin.v2\libs\svg_plot\example\demo_1d_axis_scaling.test\msvc-12.0\debug\demo_1d_axis_scaling.exe
msvc.manifest ..\..\..\bin.v2\libs\svg_plot\example\demo_1d_axis_scaling.test\msvc-12.0\debug\demo_1d_axis_scaling.exe
testing.capture-output ..\..\..\bin.v2\libs\svg_plot\example\demo_1d_axis_scaling.test\msvc-12.0\debug\demo_1d_axis_scaling.run
        1 file(s) copied.
**passed** ..\..\..\bin.v2\libs\svg_plot\example\demo_1d_axis_scaling.test\msvc-12.0\debug\demo_1d_axis_scaling.test
compile-c-c++ ..\..\..\bin.v2\libs\svg_plot\example\demo_1d_containers.test\msvc-12.0\debug\demo_1d_containers.obj
demo_1d_containers.cpp
msvc.link ..\..\..\bin.v2\libs\svg_plot\example\demo_1d_containers.test\msvc-12.0\debug\demo_1d_containers.exe
msvc.manifest ..\..\..\bin.v2\libs\svg_plot\example\demo_1d_containers.test\msvc-12.0\debug\demo_1d_containers.exe
testing.capture-output ..\..\..\bin.v2\libs\svg_plot\example\demo_1d_containers.test\msvc-12.0\debug\demo_1d_containers.run
        1 file(s) copied.
...on 100th target...
**passed** ..\..\..\bin.v2\libs\svg_plot\example\demo_1d_containers.test\msvc-12.0\debug\demo_1d_containers.test
compile-c-c++ ..\..\..\bin.v2\libs\svg_plot\example\demo_1d_limits.test\msvc-12.0\debug\demo_1d_limits.obj
demo_1d_limits.cpp
msvc.link ..\..\..\bin.v2\libs\svg_plot\example\demo_1d_limits.test\msvc-12.0\debug\demo_1d_limits.exe
msvc.manifest ..\..\..\bin.v2\libs\svg_plot\example\demo_1d_limits.test\msvc-12.0\debug\demo_1d_limits.exe
testing.capture-output ..\..\..\bin.v2\libs\svg_plot\example\demo_1d_limits.test\msvc-12.0\debug\demo_1d_limits.run
        1 file(s) copied.
**passed** ..\..\..\bin.v2\libs\svg_plot\example\demo_1d_limits.test\msvc-12.0\debug\demo_1d_limits.test
compile-c-c++ ..\..\..\bin.v2\libs\svg_plot\example\demo_1d_plot.test\msvc-12.0\debug\demo_1d_plot.obj
demo_1d_plot.cpp
msvc.link ..\..\..\bin.v2\libs\svg_plot\example\demo_1d_plot.test\msvc-12.0\debug\demo_1d_plot.exe
msvc.manifest ..\..\..\bin.v2\libs\svg_plot\example\demo_1d_plot.test\msvc-12.0\debug\demo_1d_plot.exe
testing.capture-output ..\..\..\bin.v2\libs\svg_plot\example\demo_1d_plot.test\msvc-12.0\debug\demo_1d_plot.run
        1 file(s) copied.
**passed** ..\..\..\bin.v2\libs\svg_plot\example\demo_1d_plot.test\msvc-12.0\debug\demo_1d_plot.test
compile-c-c++ ..\..\..\bin.v2\libs\svg_plot\example\demo_1d_simple.test\msvc-12.0\debug\demo_1d_simple.obj
demo_1d_simple.cpp
msvc.link ..\..\..\bin.v2\libs\svg_plot\example\demo_1d_simple.test\msvc-12.0\debug\demo_1d_simple.exe
msvc.manifest ..\..\..\bin.v2\libs\svg_plot\example\demo_1d_simple.test\msvc-12.0\debug\demo_1d_simple.exe
testing.capture-output ..\..\..\bin.v2\libs\svg_plot\example\demo_1d_simple.test\msvc-12.0\debug\demo_1d_simple.run
        1 file(s) copied.
**passed** ..\..\..\bin.v2\libs\svg_plot\example\demo_1d_simple.test\msvc-12.0\debug\demo_1d_simple.test
compile-c-c++ ..\..\..\bin.v2\libs\svg_plot\example\demo_1d_uncertainty.test\msvc-12.0\debug\demo_1d_uncertainty.obj
demo_1d_uncertainty.cpp
msvc.link ..\..\..\bin.v2\libs\svg_plot\example\demo_1d_uncertainty.test\msvc-12.0\debug\demo_1d_uncertainty.exe
msvc.manifest ..\..\..\bin.v2\libs\svg_plot\example\demo_1d_uncertainty.test\msvc-12.0\debug\demo_1d_uncertainty.exe
testing.capture-output ..\..\..\bin.v2\libs\svg_plot\example\demo_1d_uncertainty.test\msvc-12.0\debug\demo_1d_uncertainty.run
        1 file(s) copied.
**passed** ..\..\..\bin.v2\libs\svg_plot\example\demo_1d_uncertainty.test\msvc-12.0\debug\demo_1d_uncertainty.test
compile-c-c++ ..\..\..\bin.v2\libs\svg_plot\example\demo_1d_values.test\msvc-12.0\debug\demo_1d_values.obj
demo_1d_values.cpp
msvc.link ..\..\..\bin.v2\libs\svg_plot\example\demo_1d_values.test\msvc-12.0\debug\demo_1d_values.exe
msvc.manifest ..\..\..\bin.v2\libs\svg_plot\example\demo_1d_values.test\msvc-12.0\debug\demo_1d_values.exe
testing.capture-output ..\..\..\bin.v2\libs\svg_plot\example\demo_1d_values.test\msvc-12.0\debug\demo_1d_values.run
        1 file(s) copied.
**passed** ..\..\..\bin.v2\libs\svg_plot\example\demo_1d_values.test\msvc-12.0\debug\demo_1d_values.test
compile-c-c++ ..\..\..\bin.v2\libs\svg_plot\example\demo_1d_vector.test\msvc-12.0\debug\demo_1d_vector.obj
demo_1d_vector.cpp
msvc.link ..\..\..\bin.v2\libs\svg_plot\example\demo_1d_vector.test\msvc-12.0\debug\demo_1d_vector.exe
msvc.manifest ..\..\..\bin.v2\libs\svg_plot\example\demo_1d_vector.test\msvc-12.0\debug\demo_1d_vector.exe
testing.capture-output ..\..\..\bin.v2\libs\svg_plot\example\demo_1d_vector.test\msvc-12.0\debug\demo_1d_vector.run
        1 file(s) copied.
**passed** ..\..\..\bin.v2\libs\svg_plot\example\demo_1d_vector.test\msvc-12.0\debug\demo_1d_vector.test
compile-c-c++ ..\..\..\bin.v2\libs\svg_plot\example\demo_1d_x_external.test\msvc-12.0\debug\demo_1d_x_external.obj
demo_1d_x_external.cpp
msvc.link ..\..\..\bin.v2\libs\svg_plot\example\demo_1d_x_external.test\msvc-12.0\debug\demo_1d_x_external.exe
msvc.manifest ..\..\..\bin.v2\libs\svg_plot\example\demo_1d_x_external.test\msvc-12.0\debug\demo_1d_x_external.exe
testing.capture-output ..\..\..\bin.v2\libs\svg_plot\example\demo_1d_x_external.test\msvc-12.0\debug\demo_1d_x_external.run
        1 file(s) copied.
**passed** ..\..\..\bin.v2\libs\svg_plot\example\demo_1d_x_external.test\msvc-12.0\debug\demo_1d_x_external.test
compile-c-c++ ..\..\..\bin.v2\libs\svg_plot\example\demo_1d_heat_flow_data.test\msvc-12.0\debug\demo_1d_heat_flow_data.obj
demo_1d_heat_flow_data.cpp
msvc.link ..\..\..\bin.v2\libs\svg_plot\example\demo_1d_heat_flow_data.test\msvc-12.0\debug\demo_1d_heat_flow_data.exe
msvc.manifest ..\..\..\bin.v2\libs\svg_plot\example\demo_1d_heat_flow_data.test\msvc-12.0\debug\demo_1d_heat_flow_data.exe
testing.capture-output ..\..\..\bin.v2\libs\svg_plot\example\demo_1d_heat_flow_data.test\msvc-12.0\debug\demo_1d_heat_flow_data.run
        1 file(s) copied.
**passed** ..\..\..\bin.v2\libs\svg_plot\example\demo_1d_heat_flow_data.test\msvc-12.0\debug\demo_1d_heat_flow_data.test
compile-c-c++ ..\..\..\bin.v2\libs\svg_plot\example\demo_2d_autoscaling.test\msvc-12.0\debug\demo_2d_autoscaling.obj
demo_2d_autoscaling.cpp
msvc.link ..\..\..\bin.v2\libs\svg_plot\example\demo_2d_autoscaling.test\msvc-12.0\debug\demo_2d_autoscaling.exe
msvc.manifest ..\..\..\bin.v2\libs\svg_plot\example\demo_2d_autoscaling.test\msvc-12.0\debug\demo_2d_autoscaling.exe
testing.capture-output ..\..\..\bin.v2\libs\svg_plot\example\demo_2d_autoscaling.test\msvc-12.0\debug\demo_2d_autoscaling.run
        1 file(s) copied.
**passed** ..\..\..\bin.v2\libs\svg_plot\example\demo_2d_autoscaling.test\msvc-12.0\debug\demo_2d_autoscaling.test
compile-c-c++ ..\..\..\bin.v2\libs\svg_plot\example\demo_2d_bars.test\msvc-12.0\debug\demo_2d_bars.obj
demo_2d_bars.cpp
msvc.link ..\..\..\bin.v2\libs\svg_plot\example\demo_2d_bars.test\msvc-12.0\debug\demo_2d_bars.exe
msvc.manifest ..\..\..\bin.v2\libs\svg_plot\example\demo_2d_bars.test\msvc-12.0\debug\demo_2d_bars.exe
testing.capture-output ..\..\..\bin.v2\libs\svg_plot\example\demo_2d_bars.test\msvc-12.0\debug\demo_2d_bars.run
        1 file(s) copied.
**passed** ..\..\..\bin.v2\libs\svg_plot\example\demo_2d_bars.test\msvc-12.0\debug\demo_2d_bars.test
compile-c-c++ ..\..\..\bin.v2\libs\svg_plot\example\demo_2d_histogram.test\msvc-12.0\debug\demo_2d_histogram.obj
demo_2d_histogram.cpp
msvc.link ..\..\..\bin.v2\libs\svg_plot\example\demo_2d_histogram.test\msvc-12.0\debug\demo_2d_histogram.exe
msvc.manifest ..\..\..\bin.v2\libs\svg_plot\example\demo_2d_histogram.test\msvc-12.0\debug\demo_2d_histogram.exe
testing.capture-output ..\..\..\bin.v2\libs\svg_plot\example\demo_2d_histogram.test\msvc-12.0\debug\demo_2d_histogram.run
        1 file(s) copied.
**passed** ..\..\..\bin.v2\libs\svg_plot\example\demo_2d_histogram.test\msvc-12.0\debug\demo_2d_histogram.test
compile-c-c++ ..\..\..\bin.v2\libs\svg_plot\example\demo_2d_limits.test\msvc-12.0\debug\demo_2d_limits.obj
demo_2d_limits.cpp
msvc.link ..\..\..\bin.v2\libs\svg_plot\example\demo_2d_limits.test\msvc-12.0\debug\demo_2d_limits.exe
msvc.manifest ..\..\..\bin.v2\libs\svg_plot\example\demo_2d_limits.test\msvc-12.0\debug\demo_2d_limits.exe
testing.capture-output ..\..\..\bin.v2\libs\svg_plot\example\demo_2d_limits.test\msvc-12.0\debug\demo_2d_limits.run
        1 file(s) copied.
**passed** ..\..\..\bin.v2\libs\svg_plot\example\demo_2d_limits.test\msvc-12.0\debug\demo_2d_limits.test
compile-c-c++ ..\..\..\bin.v2\libs\svg_plot\example\demo_2d_lines.test\msvc-12.0\debug\demo_2d_lines.obj
demo_2d_lines.cpp
msvc.link ..\..\..\bin.v2\libs\svg_plot\example\demo_2d_lines.test\msvc-12.0\debug\demo_2d_lines.exe
msvc.manifest ..\..\..\bin.v2\libs\svg_plot\example\demo_2d_lines.test\msvc-12.0\debug\demo_2d_lines.exe
testing.capture-output ..\..\..\bin.v2\libs\svg_plot\example\demo_2d_lines.test\msvc-12.0\debug\demo_2d_lines.run
        1 file(s) copied.
**passed** ..\..\..\bin.v2\libs\svg_plot\example\demo_2d_lines.test\msvc-12.0\debug\demo_2d_lines.test
compile-c-c++ ..\..\..\bin.v2\libs\svg_plot\example\demo_2d_plot.test\msvc-12.0\debug\demo_2d_plot.obj
demo_2d_plot.cpp
msvc.link ..\..\..\bin.v2\libs\svg_plot\example\demo_2d_plot.test\msvc-12.0\debug\demo_2d_plot.exe
msvc.manifest ..\..\..\bin.v2\libs\svg_plot\example\demo_2d_plot.test\msvc-12.0\debug\demo_2d_plot.exe
testing.capture-output ..\..\..\bin.v2\libs\svg_plot\example\demo_2d_plot.test\msvc-12.0\debug\demo_2d_plot.run
        1 file(s) copied.
**passed** ..\..\..\bin.v2\libs\svg_plot\example\demo_2d_plot.test\msvc-12.0\debug\demo_2d_plot.test
compile-c-c++ ..\..\..\bin.v2\libs\svg_plot\example\demo_2d_simple.test\msvc-12.0\debug\demo_2d_simple.obj
demo_2d_simple.cpp
msvc.link ..\..\..\bin.v2\libs\svg_plot\example\demo_2d_simple.test\msvc-12.0\debug\demo_2d_simple.exe
msvc.manifest ..\..\..\bin.v2\libs\svg_plot\example\demo_2d_simple.test\msvc-12.0\debug\demo_2d_simple.exe
testing.capture-output ..\..\..\bin.v2\libs\svg_plot\example\demo_2d_simple.test\msvc-12.0\debug\demo_2d_simple.run
        1 file(s) copied.
**passed** ..\..\..\bin.v2\libs\svg_plot\example\demo_2d_simple.test\msvc-12.0\debug\demo_2d_simple.test
compile-c-c++ ..\..\..\bin.v2\libs\svg_plot\example\demo_2d_uncertainty.test\msvc-12.0\debug\demo_2d_uncertainty.obj
demo_2d_uncertainty.cpp
msvc.link ..\..\..\bin.v2\libs\svg_plot\example\demo_2d_uncertainty.test\msvc-12.0\debug\demo_2d_uncertainty.exe
msvc.manifest ..\..\..\bin.v2\libs\svg_plot\example\demo_2d_uncertainty.test\msvc-12.0\debug\demo_2d_uncertainty.exe
testing.capture-output ..\..\..\bin.v2\libs\svg_plot\example\demo_2d_uncertainty.test\msvc-12.0\debug\demo_2d_uncertainty.run
        1 file(s) copied.
**passed** ..\..\..\bin.v2\libs\svg_plot\example\demo_2d_uncertainty.test\msvc-12.0\debug\demo_2d_uncertainty.test
compile-c-c++ ..\..\..\bin.v2\libs\svg_plot\example\demo_2d_values.test\msvc-12.0\debug\demo_2d_values.obj
demo_2d_values.cpp
msvc.link ..\..\..\bin.v2\libs\svg_plot\example\demo_2d_values.test\msvc-12.0\debug\demo_2d_values.exe
msvc.manifest ..\..\..\bin.v2\libs\svg_plot\example\demo_2d_values.test\msvc-12.0\debug\demo_2d_values.exe
testing.capture-output ..\..\..\bin.v2\libs\svg_plot\example\demo_2d_values.test\msvc-12.0\debug\demo_2d_values.run
        1 file(s) copied.
**passed** ..\..\..\bin.v2\libs\svg_plot\example\demo_2d_values.test\msvc-12.0\debug\demo_2d_values.test
compile-c-c++ ..\..\..\bin.v2\libs\svg_plot\example\demo_annotation.test\msvc-12.0\debug\demo_annotation.obj
demo_annotation.cpp
msvc.link ..\..\..\bin.v2\libs\svg_plot\example\demo_annotation.test\msvc-12.0\debug\demo_annotation.exe
msvc.manifest ..\..\..\bin.v2\libs\svg_plot\example\demo_annotation.test\msvc-12.0\debug\demo_annotation.exe
testing.capture-output ..\..\..\bin.v2\libs\svg_plot\example\demo_annotation.test\msvc-12.0\debug\demo_annotation.run
        1 file(s) copied.
**passed** ..\..\..\bin.v2\libs\svg_plot\example\demo_annotation.test\msvc-12.0\debug\demo_annotation.test
compile-c-c++ ..\..\..\bin.v2\libs\svg_plot\example\demo_boxplot.test\msvc-12.0\debug\demo_boxplot.obj
demo_boxplot.cpp
msvc.link ..\..\..\bin.v2\libs\svg_plot\example\demo_boxplot.test\msvc-12.0\debug\demo_boxplot.exe
msvc.manifest ..\..\..\bin.v2\libs\svg_plot\example\demo_boxplot.test\msvc-12.0\debug\demo_boxplot.exe
testing.capture-output ..\..\..\bin.v2\libs\svg_plot\example\demo_boxplot.test\msvc-12.0\debug\demo_boxplot.run
        1 file(s) copied.
**passed** ..\..\..\bin.v2\libs\svg_plot\example\demo_boxplot.test\msvc-12.0\debug\demo_boxplot.test
compile-c-c++ ..\..\..\bin.v2\libs\svg_plot\example\demo_boxplot_full.test\msvc-12.0\debug\demo_boxplot_full.obj
demo_boxplot_full.cpp
msvc.link ..\..\..\bin.v2\libs\svg_plot\example\demo_boxplot_full.test\msvc-12.0\debug\demo_boxplot_full.exe
msvc.manifest ..\..\..\bin.v2\libs\svg_plot\example\demo_boxplot_full.test\msvc-12.0\debug\demo_boxplot_full.exe
testing.capture-output ..\..\..\bin.v2\libs\svg_plot\example\demo_boxplot_full.test\msvc-12.0\debug\demo_boxplot_full.run
        1 file(s) copied.
...on 200th target...
**passed** ..\..\..\bin.v2\libs\svg_plot\example\demo_boxplot_full.test\msvc-12.0\debug\demo_boxplot_full.test
compile-c-c++ ..\..\..\bin.v2\libs\svg_plot\example\demo_boxplot_simple.test\msvc-12.0\debug\demo_boxplot_simple.obj
demo_boxplot_simple.cpp
msvc.link ..\..\..\bin.v2\libs\svg_plot\example\demo_boxplot_simple.test\msvc-12.0\debug\demo_boxplot_simple.exe
msvc.manifest ..\..\..\bin.v2\libs\svg_plot\example\demo_boxplot_simple.test\msvc-12.0\debug\demo_boxplot_simple.exe
testing.capture-output ..\..\..\bin.v2\libs\svg_plot\example\demo_boxplot_simple.test\msvc-12.0\debug\demo_boxplot_simple.run
        1 file(s) copied.
**passed** ..\..\..\bin.v2\libs\svg_plot\example\demo_boxplot_simple.test\msvc-12.0\debug\demo_boxplot_simple.test
compile-c-c++ ..\..\..\bin.v2\libs\svg_plot\example\demo_color.test\msvc-12.0\debug\demo_color.obj
demo_color.cpp
msvc.link ..\..\..\bin.v2\libs\svg_plot\example\demo_color.test\msvc-12.0\debug\demo_color.exe
msvc.manifest ..\..\..\bin.v2\libs\svg_plot\example\demo_color.test\msvc-12.0\debug\demo_color.exe
testing.capture-output ..\..\..\bin.v2\libs\svg_plot\example\demo_color.test\msvc-12.0\debug\demo_color.run
        1 file(s) copied.
**passed** ..\..\..\bin.v2\libs\svg_plot\example\demo_color.test\msvc-12.0\debug\demo_color.test
compile-c-c++ ..\..\..\bin.v2\libs\svg_plot\example\demo_Hoaglin.test\msvc-12.0\debug\demo_Hoaglin.obj
demo_Hoaglin.cpp
msvc.link ..\..\..\bin.v2\libs\svg_plot\example\demo_Hoaglin.test\msvc-12.0\debug\demo_Hoaglin.exe
msvc.manifest ..\..\..\bin.v2\libs\svg_plot\example\demo_Hoaglin.test\msvc-12.0\debug\demo_Hoaglin.exe
testing.capture-output ..\..\..\bin.v2\libs\svg_plot\example\demo_Hoaglin.test\msvc-12.0\debug\demo_Hoaglin.run
        1 file(s) copied.
**passed** ..\..\..\bin.v2\libs\svg_plot\example\demo_Hoaglin.test\msvc-12.0\debug\demo_Hoaglin.test
compile-c-c++ ..\..\..\bin.v2\libs\svg_plot\example\demo_point_markers.test\msvc-12.0\debug\demo_point_markers.obj
demo_point_markers.cpp
msvc.link ..\..\..\bin.v2\libs\svg_plot\example\demo_point_markers.test\msvc-12.0\debug\demo_point_markers.exe
msvc.manifest ..\..\..\bin.v2\libs\svg_plot\example\demo_point_markers.test\msvc-12.0\debug\demo_point_markers.exe
testing.capture-output ..\..\..\bin.v2\libs\svg_plot\example\demo_point_markers.test\msvc-12.0\debug\demo_point_markers.run
        1 file(s) copied.
**passed** ..\..\..\bin.v2\libs\svg_plot\example\demo_point_markers.test\msvc-12.0\debug\demo_point_markers.test
compile-c-c++ ..\..\..\bin.v2\libs\svg_plot\example\demo_rounds.test\msvc-12.0\debug\demo_rounds.obj
demo_rounds.cpp
msvc.link ..\..\..\bin.v2\libs\svg_plot\example\demo_rounds.test\msvc-12.0\debug\demo_rounds.exe
msvc.manifest ..\..\..\bin.v2\libs\svg_plot\example\demo_rounds.test\msvc-12.0\debug\demo_rounds.exe
testing.capture-output ..\..\..\bin.v2\libs\svg_plot\example\demo_rounds.test\msvc-12.0\debug\demo_rounds.run
        1 file(s) copied.
**passed** ..\..\..\bin.v2\libs\svg_plot\example\demo_rounds.test\msvc-12.0\debug\demo_rounds.test
compile-c-c++ ..\..\..\bin.v2\libs\svg_plot\example\demo_svg.test\msvc-12.0\debug\demo_svg.obj
demo_svg.cpp
msvc.link ..\..\..\bin.v2\libs\svg_plot\example\demo_svg.test\msvc-12.0\debug\demo_svg.exe
msvc.manifest ..\..\..\bin.v2\libs\svg_plot\example\demo_svg.test\msvc-12.0\debug\demo_svg.exe
testing.capture-output ..\..\..\bin.v2\libs\svg_plot\example\demo_svg.test\msvc-12.0\debug\demo_svg.run
        1 file(s) copied.
**passed** ..\..\..\bin.v2\libs\svg_plot\example\demo_svg.test\msvc-12.0\debug\demo_svg.test
compile-c-c++ ..\..\..\bin.v2\libs\svg_plot\example\demo_svg_tspan.test\msvc-12.0\debug\demo_svg_tspan.obj
demo_svg_tspan.cpp
msvc.link ..\..\..\bin.v2\libs\svg_plot\example\demo_svg_tspan.test\msvc-12.0\debug\demo_svg_tspan.exe
msvc.manifest ..\..\..\bin.v2\libs\svg_plot\example\demo_svg_tspan.test\msvc-12.0\debug\demo_svg_tspan.exe
testing.capture-output ..\..\..\bin.v2\libs\svg_plot\example\demo_svg_tspan.test\msvc-12.0\debug\demo_svg_tspan.run
        1 file(s) copied.
**passed** ..\..\..\bin.v2\libs\svg_plot\example\demo_svg_tspan.test\msvc-12.0\debug\demo_svg_tspan.test
compile-c-c++ ..\..\..\bin.v2\libs\svg_plot\example\svg_colors.test\msvc-12.0\debug\svg_colors.obj
svg_colors.cpp
msvc.link ..\..\..\bin.v2\libs\svg_plot\example\svg_colors.test\msvc-12.0\debug\svg_colors.exe
msvc.manifest ..\..\..\bin.v2\libs\svg_plot\example\svg_colors.test\msvc-12.0\debug\svg_colors.exe
testing.capture-output ..\..\..\bin.v2\libs\svg_plot\example\svg_colors.test\msvc-12.0\debug\svg_colors.run
        1 file(s) copied.
**passed** ..\..\..\bin.v2\libs\svg_plot\example\svg_colors.test\msvc-12.0\debug\svg_colors.test
compile-c-c++ ..\..\..\bin.v2\libs\svg_plot\example\svg_test.test\msvc-12.0\debug\svg_test.obj
svg_test.cpp
msvc.link ..\..\..\bin.v2\libs\svg_plot\example\svg_test.test\msvc-12.0\debug\svg_test.exe
msvc.manifest ..\..\..\bin.v2\libs\svg_plot\example\svg_test.test\msvc-12.0\debug\svg_test.exe
testing.capture-output ..\..\..\bin.v2\libs\svg_plot\example\svg_test.test\msvc-12.0\debug\svg_test.run
        1 file(s) copied.
**passed** ..\..\..\bin.v2\libs\svg_plot\example\svg_test.test\msvc-12.0\debug\svg_test.test
compile-c-c++ ..\..\..\bin.v2\libs\svg_plot\example\svg_test_boxplot.test\msvc-12.0\debug\svg_test_boxplot.obj
svg_test_boxplot.cpp
msvc.link ..\..\..\bin.v2\libs\svg_plot\example\svg_test_boxplot.test\msvc-12.0\debug\svg_test_boxplot.exe
msvc.manifest ..\..\..\bin.v2\libs\svg_plot\example\svg_test_boxplot.test\msvc-12.0\debug\svg_test_boxplot.exe
testing.capture-output ..\..\..\bin.v2\libs\svg_plot\example\svg_test_boxplot.test\msvc-12.0\debug\svg_test_boxplot.run
        1 file(s) copied.
**passed** ..\..\..\bin.v2\libs\svg_plot\example\svg_test_boxplot.test\msvc-12.0\debug\svg_test_boxplot.test
...updated 250 targets...
